[    0.000000] Linux version 4.15.0-74-generic (buildd@lcy01-amd64-022) (gcc version 7.4.0 (Ubuntu 7.4.0-1ubuntu1~18.04.1)) #84-Ubuntu SMP Thu Dec 19 08:06:28 UTC 2019 (Ubuntu 4.15.0-74.84-generic 4.15.18)
[    0.000000] Command line: BOOT_IMAGE=/boot/vmlinuz-4.15.0-74-generic root=LABEL=cloudimg-rootfs ro console=tty1 console=ttyS0
[    0.000000] KERNEL supported cpus:
[    0.000000]   Intel GenuineIntel
[    0.000000]   AMD AuthenticAMD
[    0.000000]   Centaur CentaurHauls
[    0.000000] x86/fpu: Supporting XSAVE feature 0x001: 'x87 floating point registers'
[    0.000000] x86/fpu: Supporting XSAVE feature 0x002: 'SSE registers'
[    0.000000] x86/fpu: Supporting XSAVE feature 0x004: 'AVX registers'
[    0.000000] x86/fpu: xstate_offset[2]:  576, xstate_sizes[2]:  256
[    0.000000] x86/fpu: Enabled xstate features 0x7, context size is 832 bytes, using 'standard' format.
[    0.000000] e820: BIOS-provided physical RAM map:
[    0.000000] BIOS-e820: [mem 0x0000000000000000-0x000000000009fbff] usable
[    0.000000] BIOS-e820: [mem 0x000000000009fc00-0x000000000009ffff] reserved
[    0.000000] BIOS-e820: [mem 0x00000000000f0000-0x00000000000fffff] reserved
[    0.000000] BIOS-e820: [mem 0x0000000000100000-0x000000003ffeffff] usable
[    0.000000] BIOS-e820: [mem 0x000000003fff0000-0x000000003fffffff] ACPI data
[    0.000000] BIOS-e820: [mem 0x00000000fec00000-0x00000000fec00fff] reserved
[    0.000000] BIOS-e820: [mem 0x00000000fee00000-0x00000000fee00fff] reserved
[    0.000000] BIOS-e820: [mem 0x00000000fffc0000-0x00000000ffffffff] reserved
[    0.000000] NX (Execute Disable) protection: active
[    0.000000] SMBIOS 2.5 present.
[    0.000000] DMI: innotek GmbH VirtualBox/VirtualBox, BIOS VirtualBox 12/01/2006
[    0.000000] Hypervisor detected: KVM
[    0.000000] e820: last_pfn = 0x3fff0 max_arch_pfn = 0x400000000
[    0.000000] MTRR: Disabled
[    0.000000] x86/PAT: MTRRs disabled, skipping PAT initialization too.
[    0.000000] CPU MTRRs all blank - virtualized system.
[    0.000000] x86/PAT: Configuration [0-7]: WB  WT  UC- UC  WB  WT  UC- UC  
[    0.000000] found SMP MP-table at [mem 0x0009fff0-0x0009ffff]
[    0.000000] Scanning 1 areas for low memory corruption
[    0.000000] RAMDISK: [mem 0x35a6b000-0x36d2cfff]
[    0.000000] ACPI: Early table checksum verification disabled
[    0.000000] ACPI: RSDP 0x00000000000E0000 000024 (v02 VBOX  )
[    0.000000] ACPI: XSDT 0x000000003FFF0030 00003C (v01 VBOX   VBOXXSDT 00000001 ASL  00000061)
[    0.000000] ACPI: FACP 0x000000003FFF00F0 0000F4 (v04 VBOX   VBOXFACP 00000001 ASL  00000061)
[    0.000000] ACPI: DSDT 0x000000003FFF0470 0022EA (v02 VBOX   VBOXBIOS 00000002 INTL 20100528)
[    0.000000] ACPI: FACS 0x000000003FFF0200 000040
[    0.000000] ACPI: FACS 0x000000003FFF0200 000040
[    0.000000] ACPI: APIC 0x000000003FFF0240 00005C (v02 VBOX   VBOXAPIC 00000001 ASL  00000061)
[    0.000000] ACPI: SSDT 0x000000003FFF02A0 0001CC (v01 VBOX   VBOXCPUT 00000002 INTL 20100528)
[    0.000000] No NUMA configuration found
[    0.000000] Faking a node at [mem 0x0000000000000000-0x000000003ffeffff]
[    0.000000] NODE_DATA(0) allocated [mem 0x3ffc5000-0x3ffeffff]
[    0.000000] kvm-clock: cpu 0, msr 0:3ff44001, primary cpu clock
[    0.000000] kvm-clock: Using msrs 4b564d01 and 4b564d00
[    0.000000] kvm-clock: using sched offset of 7228050081 cycles
[    0.000000] clocksource: kvm-clock: mask: 0xffffffffffffffff max_cycles: 0x1cd42e4dffb, max_idle_ns: 881590591483 ns
[    0.000000] Zone ranges:
[    0.000000]   DMA      [mem 0x0000000000001000-0x0000000000ffffff]
[    0.000000]   DMA32    [mem 0x0000000001000000-0x000000003ffeffff]
[    0.000000]   Normal   empty
[    0.000000]   Device   empty
[    0.000000] Movable zone start for each node
[    0.000000] Early memory node ranges
[    0.000000]   node   0: [mem 0x0000000000001000-0x000000000009efff]
[    0.000000]   node   0: [mem 0x0000000000100000-0x000000003ffeffff]
[    0.000000] Reserved but unavailable: 98 pages
[    0.000000] Initmem setup node 0 [mem 0x0000000000001000-0x000000003ffeffff]
[    0.000000] ACPI: PM-Timer IO Port: 0x4008
[    0.000000] IOAPIC[0]: apic_id 2, version 32, address 0xfec00000, GSI 0-23
[    0.000000] ACPI: INT_SRC_OVR (bus 0 bus_irq 0 global_irq 2 dfl dfl)
[    0.000000] ACPI: INT_SRC_OVR (bus 0 bus_irq 9 global_irq 9 low level)
[    0.000000] Using ACPI (MADT) for SMP configuration information
[    0.000000] smpboot: Allowing 2 CPUs, 0 hotplug CPUs
[    0.000000] PM: Registered nosave memory: [mem 0x00000000-0x00000fff]
[    0.000000] PM: Registered nosave memory: [mem 0x0009f000-0x0009ffff]
[    0.000000] PM: Registered nosave memory: [mem 0x000a0000-0x000effff]
[    0.000000] PM: Registered nosave memory: [mem 0x000f0000-0x000fffff]
[    0.000000] e820: [mem 0x40000000-0xfebfffff] available for PCI devices
[    0.000000] Booting paravirtualized kernel on KVM
[    0.000000] clocksource: refined-jiffies: mask: 0xffffffff max_cycles: 0xffffffff, max_idle_ns: 7645519600211568 ns
[    0.000000] random: get_random_bytes called from start_kernel+0x99/0x4fd with crng_init=0
[    0.000000] setup_percpu: NR_CPUS:8192 nr_cpumask_bits:2 nr_cpu_ids:2 nr_node_ids:1
[    0.000000] percpu: Embedded 45 pages/cpu s147456 r8192 d28672 u1048576
[    0.000000] PV qspinlock hash table entries: 256 (order: 0, 4096 bytes)
[    0.000000] Built 1 zonelists, mobility grouping on.  Total pages: 257913
[    0.000000] Policy zone: DMA32
[    0.000000] Kernel command line: BOOT_IMAGE=/boot/vmlinuz-4.15.0-74-generic root=LABEL=cloudimg-rootfs ro console=tty1 console=ttyS0
[    0.000000] Memory: 983072K/1048120K available (12300K kernel code, 2481K rwdata, 4260K rodata, 2428K init, 2704K bss, 65048K reserved, 0K cma-reserved)
[    0.000000] SLUB: HWalign=64, Order=0-3, MinObjects=0, CPUs=2, Nodes=1
[    0.000000] Kernel/User page tables isolation: enabled
[    0.000000] ftrace: allocating 39322 entries in 154 pages
[    0.004000] Hierarchical RCU implementation.
[    0.004000] 	RCU restricting CPUs from NR_CPUS=8192 to nr_cpu_ids=2.
[    0.004000] 	Tasks RCU enabled.
[    0.004000] RCU: Adjusting geometry for rcu_fanout_leaf=16, nr_cpu_ids=2
[    0.004000] NR_IRQS: 524544, nr_irqs: 440, preallocated irqs: 16
[    0.004000] Console: colour VGA+ 80x25
[    0.004000] console [tty1] enabled
[    0.004000] console [ttyS0] enabled
[    0.004000] ACPI: Core revision 20170831
[    0.004000] ACPI: 2 ACPI AML tables successfully acquired and loaded
[    0.004000] APIC: Switch to symmetric I/O mode setup
[    0.004000] x2apic enabled
[    0.004000] Switched APIC routing to physical x2apic.
[    0.004000] ..TIMER: vector=0x30 apic1=0 pin1=2 apic2=-1 pin2=-1
[    0.004004] tsc: Detected 2591.998 MHz processor
[    0.008011] Calibrating delay loop (skipped) preset value.. 5183.99 BogoMIPS (lpj=10367992)
[    0.010286] pid_max: default: 32768 minimum: 301
[    0.011496] Security Framework initialized
[    0.012003] Yama: becoming mindful.
[    0.013073] AppArmor: AppArmor initialized
[    0.016000] Dentry cache hash table entries: 131072 (order: 8, 1048576 bytes)
[    0.016064] Inode-cache hash table entries: 65536 (order: 7, 524288 bytes)
[    0.020013] Mount-cache hash table entries: 2048 (order: 2, 16384 bytes)
[    0.021700] Mountpoint-cache hash table entries: 2048 (order: 2, 16384 bytes)
[    0.023749] Last level iTLB entries: 4KB 64, 2MB 8, 4MB 8
[    0.024002] Last level dTLB entries: 4KB 64, 2MB 0, 4MB 0, 1GB 4
[    0.025486] Spectre V1 : Mitigation: usercopy/swapgs barriers and __user pointer sanitization
[    0.028002] Spectre V2 : Mitigation: Full generic retpoline
[    0.029468] Spectre V2 : Spectre v2 / SpectreRSB mitigation: Filling RSB on context switch
[    0.032002] Speculative Store Bypass: Vulnerable
[    0.033245] MDS: Mitigation: Clear CPU buffers
[    0.034942] Freeing SMP alternatives memory: 36K
[    0.146408] smpboot: CPU0: Intel(R) Core(TM) i7-6700HQ CPU @ 2.60GHz (family: 0x6, model: 0x5e, stepping: 0x3)
[    0.148000] Performance Events: unsupported p6 CPU model 94 no PMU driver, software events only.
[    0.148035] Hierarchical SRCU implementation.
[    0.149890] NMI watchdog: Perf event create on CPU 0 failed with -2
[    0.152002] NMI watchdog: Perf NMI watchdog permanently disabled
[    0.153566] smp: Bringing up secondary CPUs ...
[    0.154819] x86: Booting SMP configuration:
[    0.156002] .... node  #0, CPUs:      #1
[    0.004000] kvm-clock: cpu 1, msr 0:3ff44041, secondary cpu clock
[    0.160020] smp: Brought up 1 node, 2 CPUs
[    0.161652] smpboot: Max logical packages: 1
[    0.164006] smpboot: Total of 2 processors activated (10367.99 BogoMIPS)
[    0.166108] devtmpfs: initialized
[    0.166108] x86/mm: Memory block size: 128MB
[    0.168133] evm: security.selinux
[    0.169287] evm: security.SMACK64
[    0.170340] evm: security.SMACK64EXEC
[    0.172004] evm: security.SMACK64TRANSMUTE
[    0.173110] evm: security.SMACK64MMAP
[    0.174106] evm: security.apparmor
[    0.175064] evm: security.ima
[    0.175879] evm: security.capability
[    0.176086] clocksource: jiffies: mask: 0xffffffff max_cycles: 0xffffffff, max_idle_ns: 7645041785100000 ns
[    0.180013] futex hash table entries: 512 (order: 3, 32768 bytes)
[    0.183394] pinctrl core: initialized pinctrl subsystem
[    0.184105] RTC time:  2:32:48, date: 02/02/20
[    0.185408] NET: Registered protocol family 16
[    0.188022] audit: initializing netlink subsys (disabled)
[    0.189478] audit: type=2000 audit(1580610776.984:1): state=initialized audit_enabled=0 res=1
[    0.192022] cpuidle: using governor ladder
[    0.193280] cpuidle: using governor menu
[    0.193280] ACPI: bus type PCI registered
[    0.194139] acpiphp: ACPI Hot Plug PCI Controller Driver version: 0.5
[    0.196126] PCI: Using configuration type 1 for base access
[    0.200021] HugeTLB registered 2.00 MiB page size, pre-allocated 0 pages
[    0.202081] ACPI: Added _OSI(Module Device)
[    0.202081] ACPI: Added _OSI(Processor Device)
[    0.204003] ACPI: Added _OSI(3.0 _SCP Extensions)
[    0.205248] ACPI: Added _OSI(Processor Aggregator Device)
[    0.206938] ACPI: Added _OSI(Linux-Dell-Video)
[    0.208003] ACPI: Added _OSI(Linux-Lenovo-NV-HDMI-Audio)
[    0.209361] ACPI: Added _OSI(Linux-HPI-Hybrid-Graphics)
[    0.212486] ACPI: Executed 1 blocks of module-level executable AML code
[    0.217532] ACPI: Interpreter enabled
[    0.218504] ACPI: (supports S0 S5)
[    0.219400] ACPI: Using IOAPIC for interrupt routing
[    0.220225] PCI: Using host bridge windows from ACPI; if necessary, use "pci=nocrs" and report a bug
[    0.222935] ACPI: Enabled 2 GPEs in block 00 to 07
[    0.232714] ACPI: PCI Root Bridge [PCI0] (domain 0000 [bus 00-ff])
[    0.234634] acpi PNP0A03:00: _OSC: OS supports [ASPM ClockPM Segments MSI]
[    0.236440] acpi PNP0A03:00: _OSC: not requesting OS control; OS requires [ExtendedConfig ASPM ClockPM MSI]
[    0.239033] acpi PNP0A03:00: fail to add MMCONFIG information, can't access extended PCI configuration space under this bridge.
[    0.240533] PCI host bridge to bus 0000:00
[    0.244004] pci_bus 0000:00: root bus resource [io  0x0000-0x0cf7 window]
[    0.245752] pci_bus 0000:00: root bus resource [io  0x0d00-0xffff window]
[    0.247555] pci_bus 0000:00: root bus resource [mem 0x000a0000-0x000bffff window]
[    0.248005] pci_bus 0000:00: root bus resource [mem 0x40000000-0xfdffffff window]
[    0.252004] pci_bus 0000:00: root bus resource [bus 00-ff]
[    0.258652] pci 0000:00:01.1: legacy IDE quirk: reg 0x10: [io  0x01f0-0x01f7]
[    0.260004] pci 0000:00:01.1: legacy IDE quirk: reg 0x14: [io  0x03f6]
[    0.261828] pci 0000:00:01.1: legacy IDE quirk: reg 0x18: [io  0x0170-0x0177]
[    0.264003] pci 0000:00:01.1: legacy IDE quirk: reg 0x1c: [io  0x0376]
[    0.283381] pci 0000:00:07.0: quirk: [io  0x4000-0x403f] claimed by PIIX4 ACPI
[    0.284024] pci 0000:00:07.0: quirk: [io  0x4100-0x410f] claimed by PIIX4 SMB
[    0.299034] ACPI: PCI Interrupt Link [LNKA] (IRQs 5 9 10 *11)
[    0.300330] ACPI: PCI Interrupt Link [LNKB] (IRQs 5 9 *10 11)
[    0.302157] ACPI: PCI Interrupt Link [LNKC] (IRQs 5 *9 10 11)
[    0.304155] ACPI: PCI Interrupt Link [LNKD] (IRQs 5 9 10 *11)
[    0.306291] SCSI subsystem initialized
[    0.307352] pci 0000:00:02.0: vgaarb: setting as boot VGA device
[    0.307352] pci 0000:00:02.0: vgaarb: VGA device added: decodes=io+mem,owns=io+mem,locks=none
[    0.308010] pci 0000:00:02.0: vgaarb: bridge control possible
[    0.312010] vgaarb: loaded
[    0.312876] ACPI: bus type USB registered
[    0.313943] usbcore: registered new interface driver usbfs
[    0.315343] usbcore: registered new interface driver hub
[    0.316018] usbcore: registered new device driver usb
[    0.317358] EDAC MC: Ver: 3.0.0
[    0.320394] PCI: Using ACPI for IRQ routing
[    0.321815] NetLabel: Initializing
[    0.322744] NetLabel:  domain hash size = 128
[    0.324003] NetLabel:  protocols = UNLABELED CIPSOv4 CALIPSO
[    0.325490] NetLabel:  unlabeled traffic allowed by default
[    0.328108] clocksource: Switched to clocksource kvm-clock
[    0.343592] VFS: Disk quotas dquot_6.6.0
[    0.344772] VFS: Dquot-cache hash table entries: 512 (order 0, 4096 bytes)
[    0.346701] AppArmor: AppArmor Filesystem Enabled
[    0.348022] pnp: PnP ACPI init
[    0.350363] pnp: PnP ACPI: found 3 devices
[    0.361500] clocksource: acpi_pm: mask: 0xffffff max_cycles: 0xffffff, max_idle_ns: 2085701024 ns
[    0.364075] NET: Registered protocol family 2
[    0.365776] TCP established hash table entries: 8192 (order: 4, 65536 bytes)
[    0.367718] TCP bind hash table entries: 8192 (order: 5, 131072 bytes)
[    0.371061] TCP: Hash tables configured (established 8192 bind 8192)
[    0.373257] UDP hash table entries: 512 (order: 2, 16384 bytes)
[    0.374928] UDP-Lite hash table entries: 512 (order: 2, 16384 bytes)
[    0.376667] NET: Registered protocol family 1
[    0.377939] pci 0000:00:00.0: Limiting direct PCI/PCI transfers
[    0.379474] pci 0000:00:01.0: Activating ISA DMA hang workarounds
[    0.381279] pci 0000:00:02.0: Video device with shadowed ROM at [mem 0x000c0000-0x000dffff]
[    0.384047] Unpacking initramfs...
[    0.707437] Freeing initrd memory: 19208K
[    0.708723] clocksource: tsc: mask: 0xffffffffffffffff max_cycles: 0x255cb518234, max_idle_ns: 440795279333 ns
[    0.711250] platform rtc_cmos: registered platform RTC device (no PNP device found)
[    0.713218] Scanning for low memory corruption every 60 seconds
[    0.715612] Initialise system trusted keyrings
[    0.716881] Key type blacklist registered
[    0.718139] workingset: timestamp_bits=36 max_order=18 bucket_order=0
[    0.720696] zbud: loaded
[    0.721929] squashfs: version 4.0 (2009/01/31) Phillip Lougher
[    0.724116] fuse init (API version 7.26)
[    0.728135] Key type asymmetric registered
[    0.729391] Asymmetric key parser 'x509' registered
[    0.731006] Block layer SCSI generic (bsg) driver version 0.4 loaded (major 246)
[    0.733410] io scheduler noop registered
[    0.734494] io scheduler deadline registered
[    0.735631] io scheduler cfq registered (default)
[    0.737416] ACPI: AC Adapter [AC] (on-line)
[    0.738562] input: Power Button as /devices/LNXSYSTM:00/LNXPWRBN:00/input/input0
[    0.740656] ACPI: Power Button [PWRF]
[    0.741848] input: Sleep Button as /devices/LNXSYSTM:00/LNXSLPBN:00/input/input1
[    0.743778] ACPI: Sleep Button [SLPF]
[    0.746449] ACPI: Battery Slot [BAT0] (battery present)
[    0.748075] Serial: 8250/16550 driver, 32 ports, IRQ sharing enabled
[    0.771042] 00:02: ttyS0 at I/O 0x3f8 (irq = 4, base_baud = 115200) is a 16550A
[    0.777299] Linux agpgart interface v0.103
[    0.779812] loop: module loaded
[    0.781257] scsi host0: ata_piix
[    0.782898] scsi host1: ata_piix
[    0.783793] ata1: PATA max UDMA/33 cmd 0x1f0 ctl 0x3f6 bmdma 0xd000 irq 14
[    0.785570] ata2: PATA max UDMA/33 cmd 0x170 ctl 0x376 bmdma 0xd008 irq 15
[    0.787568] libphy: Fixed MDIO Bus: probed
[    0.788681] tun: Universal TUN/TAP device driver, 1.6
[    0.790120] PPP generic driver version 2.4.2
[    0.791427] ehci_hcd: USB 2.0 'Enhanced' Host Controller (EHCI) Driver
[    0.793124] ehci-pci: EHCI PCI platform driver
[    0.794295] ehci-platform: EHCI generic platform driver
[    0.795641] ohci_hcd: USB 1.1 'Open' Host Controller (OHCI) Driver
[    0.797260] ohci-pci: OHCI PCI platform driver
[    0.798500] ohci-platform: OHCI generic platform driver
[    0.799854] uhci_hcd: USB Universal Host Controller Interface driver
[    0.801538] i8042: PNP: PS/2 Controller [PNP0303:PS2K,PNP0f03:PS2M] at 0x60,0x64 irq 1,12
[    0.804033] serio: i8042 KBD port at 0x60,0x64 irq 1
[    0.805474] serio: i8042 AUX port at 0x60,0x64 irq 12
[    0.807052] mousedev: PS/2 mouse device common for all mice
[    0.809187] input: AT Translated Set 2 keyboard as /devices/platform/i8042/serio0/input/input2
[    0.811645] rtc_cmos rtc_cmos: rtc core: registered rtc_cmos as rtc0
[    0.813611] rtc_cmos rtc_cmos: alarms up to one day, 114 bytes nvram
[    0.815344] i2c /dev entries driver
[    0.816445] device-mapper: uevent: version 1.0.3
[    0.817743] device-mapper: ioctl: 4.37.0-ioctl (2017-09-20) initialised: dm-devel@redhat.com
[    0.820196] ledtrig-cpu: registered to indicate activity on CPUs
[    0.822277] NET: Registered protocol family 10
[    0.826789] Segment Routing with IPv6
[    0.827827] NET: Registered protocol family 17
[    0.829093] Key type dns_resolver registered
[    0.830430] mce: Using 0 MCE banks
[    0.831706] RAS: Correctable Errors collector initialized.
[    0.833500] sched_clock: Marking stable (833479135, 0)->(1055104389, -221625254)
[    0.835935] registered taskstats version 1
[    0.837164] Loading compiled-in X.509 certificates
[    0.840542] Loaded X.509 cert 'Build time autogenerated kernel key: 62d24f9c726e026b112735485dad6e6e4b50c923'
[    0.843134] zswap: loaded using pool lzo/zbud
[    0.847676] Key type big_key registered
[    0.849052] Key type trusted registered
[    0.851707] Key type encrypted registered
[    0.852855] AppArmor: AppArmor sha1 policy hashing enabled
[    0.854269] ima: No TPM chip found, activating TPM-bypass! (rc=-19)
[    0.855857] ima: Allocated hash algorithm: sha1
[    0.857143] evm: HMAC attrs: 0x1
[    0.858503]   Magic number: 8:809:509
[    0.859514] ata_piix 0000:00:01.1: hash matches
[    0.860990] rtc_cmos rtc_cmos: setting system clock to 2020-02-02 02:32:49 UTC (1580610769)
[    0.863764] BIOS EDD facility v0.16 2004-Jun-25, 0 devices found
[    0.866229] EDD information not available.
[    0.950505] Freeing unused kernel image memory: 2428K
[    1.145806] Write protecting the kernel read-only data: 20480k
[    1.148059] Freeing unused kernel image memory: 2008K
[    1.149970] Freeing unused kernel image memory: 1884K
[    1.156740] x86/mm: Checked W+X mappings: passed, no W+X pages found.
[    1.158455] x86/mm: Checking user space page tables
[    1.165062] x86/mm: Checked W+X mappings: passed, no W+X pages found.
Loading, please wait...
starting version 237
[    1.230214] e1000: Intel(R) PRO/1000 Network Driver - version 7.3.21-k8-NAPI
[    1.232221] e1000: Copyright (c) 1999-2006 Intel Corporation.
[    1.238453] Fusion MPT base driver 3.04.20
[    1.239914] Copyright (c) 1999-2008 LSI Corporation
[    1.260192] AVX2 version of gcm_enc/dec engaged.
[    1.261451] AES CTR mode by8 optimization enabled
[    1.264028] Fusion MPT SPI Host driver 3.04.20
[    1.478182] input: ImExPS/2 Generic Explorer Mouse as /devices/platform/i8042/serio1/input/input4
[    1.682290] e1000 0000:00:03.0 eth0: (PCI:33MHz:32-bit) 02:6f:f9:1e:39:dc
[    1.684272] e1000 0000:00:03.0 eth0: Intel(R) PRO/1000 Network Connection
[    2.135120] e1000 0000:00:08.0 eth1: (PCI:33MHz:32-bit) 08:00:27:f1:b5:73
[    2.140085] e1000 0000:00:08.0 eth1: Intel(R) PRO/1000 Network Connection
[    2.143894] e1000 0000:00:08.0 enp0s8: renamed from eth1
[    2.152344] mptbase: ioc0: Initiating bringup
[    2.165242] e1000 0000:00:03.0 enp0s3: renamed from eth0
[    2.260563] ioc0: LSI53C1030 A0: Capabilities={Initiator}
[    3.537239] scsi host2: ioc0: LSI53C1030 A0, FwRev=00000000h, Ports=1, MaxQ=256, IRQ=20
[    4.134429] scsi 2:0:0:0: Direct-Access     VBOX     HARDDISK         1.0  PQ: 0 ANSI: 5
[    4.187830] scsi target2:0:0: Beginning Domain Validation
[    4.191440] scsi target2:0:0: Domain Validation skipping write tests
[    4.192965] scsi target2:0:0: Ending Domain Validation
[    4.194306] scsi target2:0:0: asynchronous
[    4.195959] scsi 2:0:1:0: Direct-Access     VBOX     HARDDISK         1.0  PQ: 0 ANSI: 5
[    4.581947] scsi target2:0:1: Beginning Domain Validation
[    4.584598] random: fast init done
[    4.585699] scsi target2:0:1: Domain Validation skipping write tests
[    4.587240] scsi target2:0:1: Ending Domain Validation
[    4.588640] scsi target2:0:1: asynchronous
[    4.594434] random: systemd-udevd: uninitialized urandom read (16 bytes read)
[    4.594482] sd 2:0:0:0: Attached scsi generic sg0 type 0
[    4.596323] random: systemd-udevd: uninitialized urandom read (16 bytes read)
[    4.600156] random: systemd-udevd: uninitialized urandom read (16 bytes read)
[    4.602376] sd 2:0:1:0: Attached scsi generic sg1 type 0
[    4.602387] sd 2:0:0:0: [sda] 20971520 512-byte logical blocks: (10.7 GB/10.0 GiB)
[    4.604566] sd 2:0:1:0: [sdb] 20480 512-byte logical blocks: (10.5 MB/10.0 MiB)
[    4.608101] sd 2:0:0:0: [sda] Write Protect is off
[    4.608181] sd 2:0:1:0: [sdb] Write Protect is off
[    4.610757] sd 2:0:1:0: [sdb] Incomplete mode parameter data
[    4.610791] sd 2:0:0:0: [sda] Incomplete mode parameter data
[    4.612371] sd 2:0:1:0: [sdb] Assuming drive cache: write through
[    4.613671] sd 2:0:0:0: [sda] Assuming drive cache: write through
[    4.619550] sd 2:0:1:0: [sdb] Attached SCSI disk
[    4.624198]  sda: sda1
[    4.626127] sd 2:0:0:0: [sda] Attached SCSI disk
Begin: Loading essential drivers ... [    6.068186] raid6: sse2x1   gen() 10606 MB/s
[    6.116103] raid6: sse2x1   xor()  6910 MB/s
[    6.164517] raid6: sse2x2   gen() 11789 MB/s
[    6.212067] raid6: sse2x2   xor()  8184 MB/s
[    6.260124] raid6: sse2x4   gen() 12928 MB/s
[    6.308006] raid6: sse2x4   xor()  9349 MB/s
[    6.356116] raid6: avx2x1   gen() 21161 MB/s
[    6.404387] raid6: avx2x1   xor() 14904 MB/s
[    6.452275] raid6: avx2x2   gen() 26314 MB/s
[    6.500094] raid6: avx2x2   xor() 16198 MB/s
[    6.548259] raid6: avx2x4   gen() 29449 MB/s
[    6.596300] raid6: avx2x4   xor() 17677 MB/s
[    6.597751] raid6: using algorithm avx2x4 gen() 29449 MB/s
[    6.599144] raid6: .... xor() 17677 MB/s, rmw enabled
[    6.600496] raid6: using avx2x2 recovery algorithm
[    6.602949] xor: automatically using best checksumming function   avx       
[    6.606260] async_tx: api initialized (async)
done.
Begin: Running /scripts/init-premount ... done.
Begin: Mounting root file system ... Begin: Running /scripts/local-top ... done.
Begin: Running /scripts/local-premount ... [    6.650522] Btrfs loaded, crc32c=crc32c-intel
Scanning for Btrfs filesystems
done.
Warning: fsck not present, so skipping root file system
[    6.684061] EXT4-fs (sda1): mounted filesystem with ordered data mode. Opts: (null)
done.
Begin: Running /scripts/local-bottom ... done.
Begin: Running /scripts/init-bottom ... done.
[    6.858526] ip_tables: (C) 2000-2006 Netfilter Core Team
[    6.867409] systemd[1]: systemd 237 running in system mode. (+PAM +AUDIT +SELINUX +IMA +APPARMOR +SMACK +SYSVINIT +UTMP +LIBCRYPTSETUP +GCRYPT +GNUTLS +ACL +XZ +LZ4 +SECCOMP +BLKID +ELFUTILS +KMOD -IDN2 +IDN -PCRE2 default-hierarchy=hybrid)
[    6.873360] systemd[1]: Detected virtualization oracle.
[    6.874787] systemd[1]: Detected architecture x86-64.

Welcome to [1mUbuntu 18.04.3 LTS[0m!

[    6.880726] systemd[1]: Set hostname to <ubuntu-bionic>.
[    7.148702] systemd[1]: Reached target Swap.
[[0;32m  OK  [0m] Reached target Swap.
[    7.150901] systemd[1]: Set up automount Arbitrary Executable File Formats File System Automount Point.
[[0;32m  OK  [0m] Set up automount Arbitrary Executab…rmats File System Automount Point.
[    7.156528] systemd[1]: Created slice User and Session Slice.
[[0;32m  OK  [0m] Created slice User and Session Slice.
[    7.158978] systemd[1]: Created slice System Slice.
[[0;32m  OK  [0m] Created slice System Slice.
[    7.161490] systemd[1]: Listening on Journal Audit Socket.
[[0;32m  OK  [0m] Listening on Journal Audit Socket.
[    7.163985] systemd[1]: Listening on Journal Socket (/dev/log).
[[0;32m  OK  [0m] Listening on Journal Socket (/dev/log).
[[0;32m  OK  [0m] Listening on udev Control Socket.
[[0;32m  OK  [0m] Listening on Journal Socket.
         Starting Remount Root and Kernel File Systems...
[[0;32m  OK  [0m] Listening on LVM2 metadata daemon socket.
[[0;32m  OK  [0m] Listening on Device-mapper event daemon FIFOs.
         Mounting Huge Pages File System...
[[0;32m  OK  [0m] Listening on Network Service Netlink Socket.
         Starting Set the console keyboard layout...
[[0;32m  OK  [0m] Listening on LVM2 poll daemon socket.
         Mounting POSIX Message Queue File System...
         Mounting Kernel Debug File System...
[[0;32m  OK  [0m] Created slice system-serial\x2dgetty.slice.
[    7.199381] EXT4-fs (sda1): re-mounted. Opts: (null)
         Starting Load Kernel Modules...
[[0;32m  OK  [0m] Listening on Syslog Socket.
[[0;32m  OK  [0m] Listening on /dev/initctl Compatibility Named Pipe.
[[0;32m  OK  [0m] Reached target User and Group Name Lookups.
         Starting Uncomplicated firewall...
[[0;32m  OK  [0m] Reached target Slices.
         Starting Journal Service...
[[0;32m  OK  [0m] Started Forward Password Requests to Wall Directory Watch.
[[0;32m  OK  [0m] Listening on udev Kernel Socket.
         Starting udev Coldplug all Devices...
         Starting Create list of required st…ce nodes for the current kernel...
[[0;32m  OK  [0m] Reached target System Time Synchronized.
         Starting Monitor[    7.238235] Loading iSCSI transport class v2.0-870.
ing of LVM2 mirrors…ng dmeventd or progress polling...
[[0;32m  OK  [0m] Started Remount Root and Kernel File Systems.
[[0;32m  OK  [0m] Mounted Huge Pages File System.
[[0;32m  OK  [0m] Mounted POSIX Message Queue File System.
[[0;32m  OK  [0m] Mounted Kernel Debug File System.
[[0;32m  OK  [0m] Started Uncomplicated firewall.
         Starting Load/Save Random Seed...
[    7.330160] iscsi: registered transport (tcp)
[[0;32m  OK  [0m] Started Journal Service.
[[0;32m  OK  [0m] Started Create list of required sta…vice nodes for the current kernel.
[[0;32m  OK  [0m] Started udev Coldplug all Devices.
[[0;32m  OK  [0m] Started LVM2 metadata daemon.
         Starting Create Static Device Nodes in /dev...
         Starting Flush Journal to Persistent Storage...
[[0;32m  OK  [0m] Started Load/Save Random Seed.
[[0;32m  OK  [0m] Started Create Static Device Nodes in /dev.
         Starting udev Kernel Device Manager...
[    7.410664] iscsi: registered transport (iser)
[[0;32m  OK  [0m] Started Load Kernel Modules.
         Starting Apply Kernel Variables...
         Mounting FUSE Control File System...
         Mounting Kernel Configuration File System...
[[0;32m  OK  [0m] Mounted FUSE Control File System.
[[0;32m  OK  [0m] Mounted Kernel Configuration File System.
[    7.446449] systemd-journald[403]: Received request to flush runtime journal from PID 1
[[0;32m  OK  [0m] Started Set the console keyboard layout.
[[0;32m  OK  [0m] Started Monitoring of LVM2 mirrors,…sing dmeventd or progress polling.
[[0;32m  OK  [0m] Reached target Local File Systems (Pre).
[[0;32m  OK  [0m] Reached target Local File Systems.
         Starting AppArmor initialization...
         Starting ebtables ruleset management...
         Starting Tell Plymouth To Write Out Runtime Data...
         Starting Set console font and keymap...
[[0;32m  OK  [0m] Started udev Kernel Device Manager.
[[0;32m  OK  [0m] Started Apply Kernel Variables.
[[0;32m  OK  [0m] Started Dispatch Password Requests to Console Directory Watch.
[[0;32m  OK  [0m] Reached target Local Encrypted Volumes.
[[0;32m  OK  [0m] Started Set console font and keymap.
[[0;32m  OK  [0m] Started Tell Plymouth To Write Out Runtime Data.
[[0;32m  OK  [0m] Started Flush Journal to Persistent Storage.
         Starting Create Volatile Files and Directories...
[[0;32m  OK  [0m] Started Create Volatile Files and Directories.
         Starting Update UTMP about System Boot/Shutdown...
[[0;32m  OK  [0m] Started Update UTMP about System Boot/Shutdown.
[[0;32m  OK  [0m] Started ebtables ruleset management.
[[0;32m  OK  [0m] Found device /dev/ttyS0.
[[0;32m  OK  [0m] Listening on Load/Save RF Kill Switch Status /dev/rfkill Watch.
[[0;32m  OK  [0m] Started AppArmor initialization.
         Starting Initial cloud-init job (pre-networking)...
[    9.330724] cloud-init[534]: Cloud-init v. 19.3-41-gc4735dd3-0ubuntu1~18.04.1 running 'init-local' at Sun, 02 Feb 2020 02:32:57 +0000. Up 9.10 seconds.
[[0;32m  OK  [0m] Started Initial cloud-init job (pre-networking).
[[0;32m  OK  [0m] Reached target Network (Pre).
         Starting Network Service...
[[0;32m  OK  [0m] Started Network Service.
         Starting Wait for Network to be Configured...
         Starting Network Name Resolution...
[[0;32m  OK  [0m] Started Network Name Resolution.
[[0;32m  OK  [0m] Reached target Network.
[[0;32m  OK  [0m] Reached target Host and Network Name Lookups.
[[0;32m  OK  [0m] Started Wait for Network to be Configured.
         Starting Initial cloud-init job (metadata service crawler)...
[   11.974819] cloud-init[674]: Cloud-init v. 19.3-41-gc4735dd3-0ubuntu1~18.04.1 running 'init' at Sun, 02 Feb 2020 02:33:00 +0000. Up 11.72 seconds.
[   11.978466] cloud-init[674]: ci-info: ++++++++++++++++++++++++++++++++++++++Net device info+++++++++++++++++++++++++++++++++++++++
[   11.982626] cloud-init[674]: ci-info: +--------+------+-----------------------------+---------------+--------+-------------------+
[   11.987011] cloud-init[674]: ci-info: | Device |  Up  |           Address           |      Mask     | Scope  |     Hw-Address    |
[   11.991826] cloud-init[674]: ci-info: +--------+------+-----------------------------+---------------+--------+-------------------+
[   11.995989] cloud-init[674]: ci-info: | enp0s3 | True |          10.0.2.15          | 255.255.255.0 | global | 02:6f:f9:1e:39:dc |
[   12.000752] cloud-init[674]: ci-info: | enp0s3 | True |  fe80::6f:f9ff:fe1e:39dc/64 |       .       |  link  | 02:6f:f9:1e:39:dc |
[   12.005297] cloud-init[674]: ci-info: | enp0s8 | True |        192.168.34.10        | 255.255.255.0 | global | 08:00:27:f1:b5:73 |
[   12.009377] cloud-init[674]: ci-info: | enp0s8 | True | fe80::a00:27ff:fef1:b573/64 |       .       |  link  | 08:00:27:f1:b5:73 |
[   12.024467] cloud-init[674]: ci-info: |   lo   | True |          127.0.0.1          |   255.0.0.0   |  host  |         .         |
[   12.028488] cloud-init[674]: ci-info: |   lo   | True |           ::1/128           |       .       |  host  |         .         |
[   12.032295] cloud-init[674]: ci-info: +--------+------+-----------------------------+---------------+--------+-------------------+
[   12.039142] cloud-init[674]: ci-info: +++++++++++++++++++++++++++++Route IPv4 info+++++++++++++++++++++++++++++
[   12.042467] cloud-init[674]: ci-info: +-------+--------------+----------+-----------------+-----------+-------+
[   12.045116] cloud-init[674]: ci-info: | Route | Destination  | Gateway  |     Genmask     | Interface | Flags |
[   12.047907] cloud-init[674]: ci-info: +-------+--------------+----------+-----------------+-----------+-------+
[   12.052000] cloud-init[674]: ci-info: |   0   |   0.0.0.0    | 10.0.2.2 |     0.0.0.0     |   enp0s3  |   UG  |
[   12.055180] cloud-init[674]: ci-info: |   1   |   10.0.2.0   | 0.0.0.0  |  255.255.255.0  |   enp0s3  |   U   |
[   12.059324] cloud-init[674]: ci-info: |   2   |   10.0.2.2   | 0.0.0.0  | 255.255.255.255 |   enp0s3  |   UH  |
[   12.072324] cloud-init[674]: ci-info: |   3   | 192.168.34.0 | 0.0.0.0  |  255.255.255.0  |   enp0s8  |   U   |
[   12.075936] cloud-init[674]: ci-info: +-------+--------------+----------+-----------------+-----------+-------+
[   12.078820] cloud-init[674]: ci-info: +++++++++++++++++++Route IPv6 info+++++++++++++++++++
[   12.081498] cloud-init[674]: ci-info: +-------+-------------+---------+-----------+-------+
[   12.084053] cloud-init[674]: ci-info: | Route | Destination | Gateway | Interface | Flags |
[   12.086914] cloud-init[674]: ci-info: +-------+-------------+---------+-----------+-------+
[   12.088959] cloud-init[674]: ci-info: |   1   |  fe80::/64  |    ::   |   enp0s3  |   U   |
[   12.092271] cloud-init[674]: ci-info: |   2   |  fe80::/64  |    ::   |   enp0s8  |   U   |
[   12.094760] cloud-init[674]: ci-info: |   4   |    local    |    ::   |   enp0s3  |   U   |
[   12.097527] cloud-init[674]: ci-info: |   5   |    local    |    ::   |   enp0s8  |   U   |
[   12.100568] cloud-init[674]: ci-info: |   6   |   ff00::/8  |    ::   |   enp0s3  |   U   |
[   12.103015] cloud-init[674]: ci-info: |   7   |   ff00::/8  |    ::   |   enp0s8  |   U   |
[   12.105650] cloud-init[674]: ci-info: +-------+-------------+---------+-----------+-------+
[[0;32m  OK  [0m] Started Initial cloud-init job (metadata service crawler).
[[0;32m  OK  [0m] Reached target System Initialization.
[[0;32m  OK  [0m] Listening on D-Bus System Message Bus Socket.
         Starting Docker Socket for the API.
[[0;32m  OK  [0m] Started Daily Cleanup of Temporary Directories.
         Starting LXD - unix socket.
[[0;32m  OK  [0m] Started Message of the Day.
[[0;32m  OK  [0m] Listening on UUID daemon activation socket.
[[0;32m  OK  [0m] Listening on ACPID Listen Socket.
[[0;32m  OK  [0m] Listening on Open-iSCSI iscsid Socket.
[[0;32m  OK  [0m] Started Daily apt download activities.
[[0;32m  OK  [0m] Started Daily apt upgrade and clean activities.
[[0;32m  OK  [0m] Started Discard unused blocks once a week.
[[0;32m  OK  [0m] Reached target Timers.
         Starting Socket activation for snappy daemon.
[[0;32m  OK  [0m] Started ACPI Events Check.
[[0;32m  OK  [0m] Reached target Paths.
[[0;32m  OK  [0m] Reached target Network is Online.
         Starting Availability of block devices...
[[0;32m  OK  [0m] Reached target Remote File Systems (Pre).
[[0;32m  OK  [0m] Reached target Remote File Systems.
[[0;32m  OK  [0m] Reached target Cloud-config availability.
[[0;32m  OK  [0m] Listening on Docker Socket for the API.
[[0;32m  OK  [0m] Listening on LXD - unix socket.
[[0;32m  OK  [0m] Listening on Socket activation for snappy daemon.
[[0;32m  OK  [0m] Started Availability of block devices.
[[0;32m  OK  [0m] Reached target Sockets.
[[0;32m  OK  [0m] Reached target Basic System.
[[0;32m  OK  [0m] Started irqbalance daemon.
         Starting Accounts Service...
[[0;32m  OK  [0m] Started Deferred execution scheduler.
         Starting Login Service...
[[0;32m  OK  [0m] Started Regular background program processing daemon.
         Starting Virtualbox guest utils...
         Starting Dispatcher daemon for systemd-networkd...
         Starting containerd container runtime...
[[0;32m  OK  [0m] Started FUSE filesystem for LXC.
         Starting System Logging Service...
         Starting Permit User Sessions...
         Starting LXD - container startup/shutdown...
         Starting Snappy daemon...
         Starting OpenBSD Secure Shell server...
         Starting LSB: automatic crash report generation...
[[0;32m  OK  [0m] Started D-Bus System Message Bus.
[[0;32m  OK  [0m] Started Login Service.
[[0;32m  OK  [0m] Started Unattended Upgrades Shutdown.
         Starting LSB: Record successful boot for GRUB...
[[0;32m  OK  [0m] Started System Logging Service.
[[0;32m  OK  [0m] Started containerd container runtime.
[[0;32m  OK  [0m] Started Permit User Sessions.
         Starting Hold until boot process finishes up...
         Starting Terminate Plymouth Boot Screen...
         Starting Docker Application Container Engine...
[[0;32m  OK  [0m] Started Hold until boot process finishes up.
[[0;32m  OK  [0m] Started Terminate Plymouth Boot Screen.
         Starting Set console scheme...
[[0;32m  OK  [0m] Started Serial Getty on ttyS0.
[[0;32m  OK  [0m] Started LXD - container startup/shutdown.
[[0;32m  OK  [0m] Started OpenBSD Secure Shell server.
[[0;32m  OK  [0m] Started LSB: automatic crash report generation.
[[0;32m  OK  [0m] Started Set console scheme.
[[0;32m  OK  [0m] Created slice system-getty.slice.
[[0;32m  OK  [0m] Started Getty on tty1.
[[0;32m  OK  [0m] Reached target Login Prompts.
         Starting Authorization Manager...
[[0;32m  OK  [0m] Started Dispatcher daemon for systemd-networkd.
[[0;32m  OK  [0m] Started Authorization Manager.
[[0;32m  OK  [0m] Started Accounts Service.
[[0;32m  OK  [0m] Started Virtualbox guest utils.
[[0;32m  OK  [0m] Started LSB: Record successful boot for GRUB.
[[0;32m  OK  [0m] Started Snappy daemon.
         Starting Wait until snapd is fully seeded...
[[0;32m  OK  [0m] Started Wait until snapd is fully seeded.
         Starting Apply the settings specified in cloud-config...
[   14.936963] cloud-init[1092]: Cloud-init v. 19.3-41-gc4735dd3-0ubuntu1~18.04.1 running 'modules:config' at Sun, 02 Feb 2020 02:33:03 +0000. Up 14.81 seconds.
[[0;32m  OK  [0m] Started Apply the settings specified in cloud-config.
[[0;32m  OK  [0m] Started Docker Application Container Engine.
[[0;32m  OK  [0m] Reached target Multi-User System.
         Starting Execute cloud user/final scripts...
[[0;32m  OK  [0m] Reached target Graphical Interface.
         Starting Update UTMP about System Runlevel Changes...
[[0;32m  OK  [0m] Started Update UTMP about System Runlevel Changes.
[   15.851386] cloud-init[1290]: Cloud-init v. 19.3-41-gc4735dd3-0ubuntu1~18.04.1 running 'modules:final' at Sun, 02 Feb 2020 02:33:04 +0000. Up 15.73 seconds.
[   15.855270] cloud-init[1290]: Cloud-init v. 19.3-41-gc4735dd3-0ubuntu1~18.04.1 finished at Sun, 02 Feb 2020 02:33:04 +0000. Datasource DataSourceNoCloud [seed=/dev/sdb][dsmode=net].  Up 15.84 seconds
[[0;32m  OK  [0m] Started Execute cloud user/final scripts.
[[0;32m  OK  [0m] Reached target Cloud-init target.

Ubuntu 18.04.3 LTS ubuntu-bionic ttyS0

ubuntu-bionic login: 